<?xml version="1.0" encoding="UTF-8"?>
<!-- Generated by org.testng.reporters.JUnitXMLReporter -->
<testsuite hostname="DS-448A5BBFFC92" name="Default test" tests="6" failures="0" timestamp="15 Jul 2015 11:22:21 GMT" time="114.787" errors="0">
  <testcase name="loginPage_shouldLookGood_onDevice" time="24.93" classname="net.mindengine.galen.java.sample.tests.WelcomePageTest"/>
  <testcase name="loginPage_shouldLookGood_onDevice" time="11.047" classname="net.mindengine.galen.java.sample.tests.WelcomePageTest"/>
  <testcase name="loginPage_shouldLookGood_onDevice" time="20.251" classname="net.mindengine.galen.java.sample.tests.WelcomePageTest"/>
  <testcase name="welcomePage_shouldLookGood_onDevice" time="16.755" classname="net.mindengine.galen.java.sample.tests.WelcomePageTest"/>
  <testcase name="welcomePage_shouldLookGood_onDevice" time="5.913" classname="net.mindengine.galen.java.sample.tests.WelcomePageTest"/>
  <testcase name="welcomePage_shouldLookGood_onDevice" time="5.344" classname="net.mindengine.galen.java.sample.tests.WelcomePageTest"/>
</testsuite> <!-- Default test -->
